<?xml version="1.0" encoding="UTF-8"?>
<!-- Generated by org.testng.reporters.JUnitReportReporter -->
<testsuite skipped="0" hostname="ANKITAG-5500" name="com.she.test.LoginTest" tests="1" failures="0" timestamp="2021-06-01T15:25:03 BST" time="86.037" errors="0">
  <testcase name="verifyLogin" time="86.037" classname="com.she.test.LoginTest"/>
  <system-out/>
</testsuite> <!-- com.she.test.LoginTest -->
