<?xml version="1.0" encoding="UTF-8"?>
<!-- Generated by org.testng.reporters.JUnitReportReporter -->
<testsuite skipped="0" hostname="ANKITAG-5500" name="com.she.test.RecordDeletionTest" tests="1" failures="0" timestamp="2021-06-01T17:20:21 BST" time="39.738" errors="0">
  <testcase name="verifyRecordDeleted" time="39.738" classname="com.she.test.RecordDeletionTest"/>
  <system-out/>
</testsuite> <!-- com.she.test.RecordDeletionTest -->
